<?xml version="1.0" encoding="UTF-8"?>
<!-- Generated by org.testng.reporters.JUnitXMLReporter -->
<testsuite hostname="DELL5490MCI-116" ignored="0" name="Test" tests="1" failures="1" timestamp="06 Mar 2020 18:19:43 GMT" time="195.266" errors="0">
  <testcase name="test" time="186.667" classname="testCases.TC001">
    <failure type="java.lang.AssertionError" message="The following asserts failed:
	Error in configuring Email expected [true] but found [false],
	Error in sending Email expected [true] but found [false]">
      <![CDATA[java.lang.AssertionError: The following asserts failed:
Error in configuring Email expected [true] but found [false],
Error in sending Email expected [true] but found [false]
at testCases.TC001.test(TC001.java:54)
... Removed 26 stack frames]]>
    </failure>
  </testcase> <!-- test -->
</testsuite> <!-- Test -->
